<?xml version="1.0" encoding="UTF-8" ?>
<testsuite tests="2" failures="0" name="testRunner.TestRunner" time="107.461" errors="1" skipped="0">
  <properties>
[...]
</properties>
  <testcase classname="Customers" name="Add a new customer" time="72.563"/>
  <testcase classname="Login" name="Successful Login With Valid Credentials" time="34.898">
    <error message="no such element: Unable to locate element: {&quot;method&quot;:&quot;css selector&quot;,&quot;selector&quot;:&quot;#Email&quot;}
  (Session info: chrome=102.0.5005.63)
For documentation on this error, please visit: https://selenium.dev/exceptions/#no_such_element
Build info: version: &apos;4.1.3&apos;, revision: &apos;7b1ebf28ef&apos;
System info: host: &apos;AMIT&apos;, ip: &apos;192.168.0.102&apos;, os.name: &apos;Windows 11&apos;, os.arch: &apos;amd64&apos;, os.version: &apos;10.0&apos;, java.version: &apos;11.0.15.1&apos;
Driver info: org.openqa.selenium.chrome.ChromeDriver
Command: [cacc127c5da0a4a877e2d0d029211d5b, findElement {using=id, value=Email}]
Capabilities {acceptInsecureCerts: false, browserName: chrome, browserVersion: 102.0.5005.63, chrome: {chromedriverVersion: 102.0.5005.61 (0e59bcc00cc4..., userDataDir: C:\windows\TEMP\scoped_dir1...}, goog:chromeOptions: {debuggerAddress: localhost:52880}, javascriptEnabled: true, networkConnectionEnabled: false, pageLoadStrategy: normal, platform: WINDOWS, platformName: WINDOWS, proxy: Proxy(), se:cdp: ws://localhost:52880/devtoo..., se:cdpVersion: 102.0.5005.63, setWindowRect: true, strictFileInteractability: false, timeouts: {implicit: 0, pageLoad: 300000, script: 30000}, unhandledPromptBehavior: dismiss and notify, webauthn:extension:credBlob: true, webauthn:extension:largeBlob: true, webauthn:virtualAuthenticators: true}
Session ID: cacc127c5da0a4a877e2d0d029211d5b" type="org.openqa.selenium.NoSuchElementException">org.openqa.selenium.NoSuchElementException: no such element: Unable to locate element: {&quot;method&quot;:&quot;css selector&quot;,&quot;selector&quot;:&quot;#Email&quot;}
  (Session info: chrome=102.0.5005.63)
For documentation on this error, please visit: https://selenium.dev/exceptions/#no_such_element
Build info: version: &apos;4.1.3&apos;, revision: &apos;7b1ebf28ef&apos;
System info: host: &apos;AMIT&apos;, ip: &apos;192.168.0.102&apos;, os.name: &apos;Windows 11&apos;, os.arch: &apos;amd64&apos;, os.version: &apos;10.0&apos;, java.version: &apos;11.0.15.1&apos;
Driver info: org.openqa.selenium.chrome.ChromeDriver
Command: [cacc127c5da0a4a877e2d0d029211d5b, findElement {using=id, value=Email}]
Capabilities {acceptInsecureCerts: false, browserName: chrome, browserVersion: 102.0.5005.63, chrome: {chromedriverVersion: 102.0.5005.61 (0e59bcc00cc4..., userDataDir: C:\windows\TEMP\scoped_dir1...}, goog:chromeOptions: {debuggerAddress: localhost:52880}, javascriptEnabled: true, networkConnectionEnabled: false, pageLoadStrategy: normal, platform: WINDOWS, platformName: WINDOWS, proxy: Proxy(), se:cdp: ws://localhost:52880/devtoo..., se:cdpVersion: 102.0.5005.63, setWindowRect: true, strictFileInteractability: false, timeouts: {implicit: 0, pageLoad: 300000, script: 30000}, unhandledPromptBehavior: dismiss and notify, webauthn:extension:credBlob: true, webauthn:extension:largeBlob: true, webauthn:virtualAuthenticators: true}
Session ID: cacc127c5da0a4a877e2d0d029211d5b
	at java.base/jdk.internal.reflect.NativeConstructorAccessorImpl.newInstance0(Native Method)
	at java.base/jdk.internal.reflect.NativeConstructorAccessorImpl.newInstance(NativeConstructorAccessorImpl.java:62)
	at java.base/jdk.internal.reflect.DelegatingConstructorAccessorImpl.newInstance(DelegatingConstructorAccessorImpl.java:45)
	at java.base/java.lang.reflect.Constructor.newInstance(Constructor.java:490)
	at org.openqa.selenium.remote.codec.w3c.W3CHttpResponseCodec.createException(W3CHttpResponseCodec.java:200)
	at org.openqa.selenium.remote.codec.w3c.W3CHttpResponseCodec.decode(W3CHttpResponseCodec.java:133)
	at org.openqa.selenium.remote.codec.w3c.W3CHttpResponseCodec.decode(W3CHttpResponseCodec.java:53)
	at org.openqa.selenium.remote.HttpCommandExecutor.execute(HttpCommandExecutor.java:184)
	at org.openqa.selenium.remote.service.DriverCommandExecutor.invokeExecute(DriverCommandExecutor.java:167)
	at org.openqa.selenium.remote.service.DriverCommandExecutor.execute(DriverCommandExecutor.java:142)
	at org.openqa.selenium.remote.RemoteWebDriver.execute(RemoteWebDriver.java:567)
	at org.openqa.selenium.remote.ElementLocation$ElementFinder$2.findElement(ElementLocation.java:162)
	at org.openqa.selenium.remote.ElementLocation.findElement(ElementLocation.java:66)
	at org.openqa.selenium.remote.RemoteWebDriver.findElement(RemoteWebDriver.java:385)
	at org.openqa.selenium.remote.RemoteWebDriver.findElement(RemoteWebDriver.java:377)
	at org.openqa.selenium.support.pagefactory.DefaultElementLocator.findElement(DefaultElementLocator.java:70)
	at org.openqa.selenium.support.pagefactory.internal.LocatingElementHandler.invoke(LocatingElementHandler.java:39)
	at com.sun.proxy.$Proxy22.clear(Unknown Source)
	at pageObjects.LoginPage.setUsername(LoginPage.java:31)
	at stepDefinitions.Steps.user_enters_the_credentials_email_is_and_password_is(Steps.java:75)
	at ✽.User enters the credentials email is &quot;admin@yourstore.com&quot; and password is &quot;admin&quot;(file:///C:/Users/AMIT123/eclipse-workspace/nopCommerceV01_Cucumber/./Features/Login.feature:8)
</error>
    <system-out>
@SanityTest
Scenario: Successful Login With Valid Credentials                                        # Features/Login.feature:4
[DEBUG] Using new Channel &apos;[id: 0x1db360de, L:/127.0.0.1:52879 - R:localhost/127.0.0.1:55939]&apos; for &apos;POST&apos; to &apos;/session&apos;
[DEBUG] 

Request DefaultHttpRequest(decodeResult: success, version: HTTP/1.1)
POST /session HTTP/1.1
User-Agent: selenium/4.1.3 (java windows)
Content-Length: 365
Content-Type: application/json; charset=utf-8
host: localhost:55939
accept: */*

Response DefaultHttpResponse(decodeResult: success, version: HTTP/1.1)
HTTP/1.1 200 OK
Content-Type: application/json; charset=utf-8
cache-control: no-cache
content-length: 769

[DEBUG] Adding key: http://localhost:55939 for channel [id: 0x1db360de, L:/127.0.0.1:52879 - R:localhost/127.0.0.1:55939]
[DEBUG] Using new Channel &apos;[id: 0x9ed03483, L:/127.0.0.1:52888 - R:localhost/127.0.0.1:52880]&apos; for &apos;GET&apos; to &apos;/json/version&apos;
[DEBUG] 

Request DefaultFullHttpRequest(decodeResult: success, version: HTTP/1.1, content: EmptyByteBufBE)
GET /json/version HTTP/1.1
User-Agent: selenium/4.1.3 (java windows)
host: localhost:52880
accept: */*

Response DefaultHttpResponse(decodeResult: success, version: HTTP/1.1)
HTTP/1.1 200 OK
Content-Type: application/json; charset=UTF-8
content-length: 426

[DEBUG] Adding key: http://localhost:52880 for channel [id: 0x9ed03483, L:/127.0.0.1:52888 - R:localhost/127.0.0.1:52880]
[DEBUG] Using new Channel &apos;[id: 0x6c2e9da6, L:/127.0.0.1:52889 - R:localhost/127.0.0.1:52880]&apos; for &apos;GET&apos; to &apos;/devtools/browser/0411f324-835a-4070-943d-71d86e773baf&apos;
[DEBUG] 

Request DefaultFullHttpRequest(decodeResult: success, version: HTTP/1.1, content: EmptyByteBufBE)
GET /devtools/browser/0411f324-835a-4070-943d-71d86e773baf HTTP/1.1
upgrade: websocket
connection: upgrade
sec-websocket-key: cTqPpNKqJOSVKu0Cyb0eiQ==
sec-websocket-version: 13
origin: http://localhost:52880
host: localhost:52880
accept: */*
user-agent: AHC/2.1

Response DefaultHttpResponse(decodeResult: success, version: HTTP/1.1)
HTTP/1.1 101 WebSocket Protocol Handshake
Upgrade: WebSocket
Connection: Upgrade
Sec-WebSocket-Accept: JrtD9bxeTWT1UHkm0kXxyYL1W5s=

 INFO [main] (Steps.java:52)- *****Launching Browser********
  Given User launch chrome browser                                                       # stepDefinitions.Steps.user_launch_chrome_browser()
 INFO [main] (Steps.java:67)- *****Opening URL********
[DEBUG] Using pooled Channel &apos;[id: 0x1db360de, L:/127.0.0.1:52879 - R:localhost/127.0.0.1:55939]&apos; for &apos;POST&apos; to &apos;http://localhost:55939/session/cacc127c5da0a4a877e2d0d029211d5b/url&apos;
[DEBUG] Using open Channel [id: 0x1db360de, L:/127.0.0.1:52879 - R:localhost/127.0.0.1:55939] for POST &apos;/session/cacc127c5da0a4a877e2d0d029211d5b/url&apos;
[DEBUG] Entry count for : http://localhost:52880 : 1
[DEBUG] Entry count for : http://localhost:52880 : 1
[DEBUG] Entry count for : http://localhost:52880 : 1
[DEBUG] Entry count for : http://localhost:52880 : 1
[DEBUG] Entry count for : http://localhost:52880 : 1
[DEBUG] Entry count for : http://localhost:52880 : 1
[DEBUG] Entry count for : http://localhost:52880 : 1
[DEBUG] Entry count for : http://localhost:52880 : 1
[DEBUG] Entry count for : http://localhost:52880 : 1
[DEBUG] Entry count for : http://localhost:52880 : 1
[DEBUG] Entry count for : http://localhost:52880 : 1
[DEBUG] Entry count for : http://localhost:52880 : 1
[DEBUG] Entry count for : http://localhost:52880 : 1
[DEBUG] Entry count for : http://localhost:52880 : 1
[DEBUG] Entry count for : http://localhost:52880 : 1
[DEBUG] Entry count for : http://localhost:52880 : 1
[DEBUG] Entry count for : http://localhost:52880 : 1
[DEBUG] Entry count for : http://localhost:52880 : 1
[DEBUG] Entry count for : http://localhost:52880 : 1
[DEBUG] Entry count for : http://localhost:52880 : 1
[DEBUG] Entry count for : http://localhost:52880 : 1
[DEBUG] Entry count for : http://localhost:52880 : 1
[DEBUG] Entry count for : http://localhost:52880 : 1
[DEBUG] Entry count for : http://localhost:52880 : 1
[DEBUG] Entry count for : http://localhost:52880 : 1
[DEBUG] Entry count for : http://localhost:52880 : 1
[DEBUG] Entry count for : http://localhost:52880 : 1
[DEBUG] Entry count for : http://localhost:52880 : 1
[DEBUG] Entry count for : http://localhost:52880 : 1
[DEBUG] 

Request DefaultHttpRequest(decodeResult: success, version: HTTP/1.1)
POST /session/cacc127c5da0a4a877e2d0d029211d5b/url HTTP/1.1
User-Agent: selenium/4.1.3 (java windows)
Content-Length: 70
Content-Type: application/json; charset=utf-8
host: localhost:55939
accept: */*

Response DefaultHttpResponse(decodeResult: success, version: HTTP/1.1)
HTTP/1.1 200 OK
Content-Type: application/json; charset=utf-8
cache-control: no-cache
content-length: 14

[DEBUG] Adding key: http://localhost:55939 for channel [id: 0x1db360de, L:/127.0.0.1:52879 - R:localhost/127.0.0.1:55939]
[DEBUG] Using pooled Channel &apos;[id: 0x1db360de, L:/127.0.0.1:52879 - R:localhost/127.0.0.1:55939]&apos; for &apos;POST&apos; to &apos;http://localhost:55939/session/cacc127c5da0a4a877e2d0d029211d5b/window/maximize&apos;
[DEBUG] Using open Channel [id: 0x1db360de, L:/127.0.0.1:52879 - R:localhost/127.0.0.1:55939] for POST &apos;/session/cacc127c5da0a4a877e2d0d029211d5b/window/maximize&apos;
[DEBUG] Entry count for : http://localhost:52880 : 1
[DEBUG] 

Request DefaultHttpRequest(decodeResult: success, version: HTTP/1.1)
POST /session/cacc127c5da0a4a877e2d0d029211d5b/window/maximize HTTP/1.1
User-Agent: selenium/4.1.3 (java windows)
Content-Length: 3
Content-Type: application/json; charset=utf-8
host: localhost:55939
accept: */*

Response DefaultHttpResponse(decodeResult: success, version: HTTP/1.1)
HTTP/1.1 200 OK
Content-Type: application/json; charset=utf-8
cache-control: no-cache
content-length: 51

[DEBUG] Adding key: http://localhost:55939 for channel [id: 0x1db360de, L:/127.0.0.1:52879 - R:localhost/127.0.0.1:55939]
  When User opens URL &quot;https://admin-demo.nopcommerce.com/login&quot;                         # stepDefinitions.Steps.user_opens_url(java.lang.String)
 INFO [main] (Steps.java:74)- Providing Login Details
[DEBUG] Using pooled Channel &apos;[id: 0x1db360de, L:/127.0.0.1:52879 - R:localhost/127.0.0.1:55939]&apos; for &apos;POST&apos; to &apos;http://localhost:55939/session/cacc127c5da0a4a877e2d0d029211d5b/element&apos;
[DEBUG] Using open Channel [id: 0x1db360de, L:/127.0.0.1:52879 - R:localhost/127.0.0.1:55939] for POST &apos;/session/cacc127c5da0a4a877e2d0d029211d5b/element&apos;
[DEBUG] 

Request DefaultHttpRequest(decodeResult: success, version: HTTP/1.1)
POST /session/cacc127c5da0a4a877e2d0d029211d5b/element HTTP/1.1
User-Agent: selenium/4.1.3 (java windows)
Content-Length: 50
Content-Type: application/json; charset=utf-8
host: localhost:55939
accept: */*

Response DefaultHttpResponse(decodeResult: success, version: HTTP/1.1)
HTTP/1.1 404 Not Found
Content-Type: application/json; charset=utf-8
cache-control: no-cache
content-length: 999

[DEBUG] Adding key: http://localhost:55939 for channel [id: 0x1db360de, L:/127.0.0.1:52879 - R:localhost/127.0.0.1:55939]
  And User enters the credentials email is &quot;admin@yourstore.com&quot; and password is &quot;admin&quot; # stepDefinitions.Steps.user_enters_the_credentials_email_is_and_password_is(java.lang.String,java.lang.String)
      org.openqa.selenium.NoSuchElementException: no such element: Unable to locate element: {&quot;method&quot;:&quot;css selector&quot;,&quot;selector&quot;:&quot;#Email&quot;}
  (Session info: chrome=102.0.5005.63)
For documentation on this error, please visit: https://selenium.dev/exceptions/#no_such_element
Build info: version: &apos;4.1.3&apos;, revision: &apos;7b1ebf28ef&apos;
System info: host: &apos;AMIT&apos;, ip: &apos;192.168.0.102&apos;, os.name: &apos;Windows 11&apos;, os.arch: &apos;amd64&apos;, os.version: &apos;10.0&apos;, java.version: &apos;11.0.15.1&apos;
Driver info: org.openqa.selenium.chrome.ChromeDriver
Command: [cacc127c5da0a4a877e2d0d029211d5b, findElement {using=id, value=Email}]
Capabilities {acceptInsecureCerts: false, browserName: chrome, browserVersion: 102.0.5005.63, chrome: {chromedriverVersion: 102.0.5005.61 (0e59bcc00cc4..., userDataDir: C:\windows\TEMP\scoped_dir1...}, goog:chromeOptions: {debuggerAddress: localhost:52880}, javascriptEnabled: true, networkConnectionEnabled: false, pageLoadStrategy: normal, platform: WINDOWS, platformName: WINDOWS, proxy: Proxy(), se:cdp: ws://localhost:52880/devtoo..., se:cdpVersion: 102.0.5005.63, setWindowRect: true, strictFileInteractability: false, timeouts: {implicit: 0, pageLoad: 300000, script: 30000}, unhandledPromptBehavior: dismiss and notify, webauthn:extension:credBlob: true, webauthn:extension:largeBlob: true, webauthn:virtualAuthenticators: true}
Session ID: cacc127c5da0a4a877e2d0d029211d5b
	at java.base/jdk.internal.reflect.NativeConstructorAccessorImpl.newInstance0(Native Method)
	at java.base/jdk.internal.reflect.NativeConstructorAccessorImpl.newInstance(NativeConstructorAccessorImpl.java:62)
	at java.base/jdk.internal.reflect.DelegatingConstructorAccessorImpl.newInstance(DelegatingConstructorAccessorImpl.java:45)
	at java.base/java.lang.reflect.Constructor.newInstance(Constructor.java:490)
	at org.openqa.selenium.remote.codec.w3c.W3CHttpResponseCodec.createException(W3CHttpResponseCodec.java:200)
	at org.openqa.selenium.remote.codec.w3c.W3CHttpResponseCodec.decode(W3CHttpResponseCodec.java:133)
	at org.openqa.selenium.remote.codec.w3c.W3CHttpResponseCodec.decode(W3CHttpResponseCodec.java:53)
	at org.openqa.selenium.remote.HttpCommandExecutor.execute(HttpCommandExecutor.java:184)
	at org.openqa.selenium.remote.service.DriverCommandExecutor.invokeExecute(DriverCommandExecutor.java:167)
	at org.openqa.selenium.remote.service.DriverCommandExecutor.execute(DriverCommandExecutor.java:142)
	at org.openqa.selenium.remote.RemoteWebDriver.execute(RemoteWebDriver.java:567)
	at org.openqa.selenium.remote.ElementLocation$ElementFinder$2.findElement(ElementLocation.java:162)
	at org.openqa.selenium.remote.ElementLocation.findElement(ElementLocation.java:66)
	at org.openqa.selenium.remote.RemoteWebDriver.findElement(RemoteWebDriver.java:385)
	at org.openqa.selenium.remote.RemoteWebDriver.findElement(RemoteWebDriver.java:377)
	at org.openqa.selenium.support.pagefactory.DefaultElementLocator.findElement(DefaultElementLocator.java:70)
	at org.openqa.selenium.support.pagefactory.internal.LocatingElementHandler.invoke(LocatingElementHandler.java:39)
	at com.sun.proxy.$Proxy22.clear(Unknown Source)
	at pageObjects.LoginPage.setUsername(LoginPage.java:31)
	at stepDefinitions.Steps.user_enters_the_credentials_email_is_and_password_is(Steps.java:75)
	at âœ½.User enters the credentials email is &quot;admin@yourstore.com&quot; and password is &quot;admin&quot;(file:///C:/Users/AMIT123/eclipse-workspace/nopCommerceV01_Cucumber/./Features/Login.feature:8)

  And Click on Login                                                                     # stepDefinitions.Steps.click_on_login()
  Then Page Title should be &quot;Dashboard / nopCommerce administration&quot;                     # stepDefinitions.Steps.page_title_should_be(java.lang.String)
  When User Click on Logout                                                              # stepDefinitions.Steps.user_click_on_logout()
  Then Page Title should be &quot;Your store. Login&quot;                                          # stepDefinitions.Steps.page_title_should_be(java.lang.String)
  And Close Browser                                                                      # stepDefinitions.Steps.close_browser()
</system-out>
    <system-err>Starting ChromeDriver 102.0.5005.61 (0e59bcc00cc4985ce39ad31c150065f159d95ad3-refs/branch-heads/5005@{#819}) on port 55939
Only local connections are allowed.
Please see https://chromedriver.chromium.org/security-considerations for suggestions on keeping ChromeDriver safe.
ChromeDriver was started successfully.
Jun 08, 2022 6:27:58 PM org.openqa.selenium.remote.ProtocolHandshake createSession
INFO: Detected dialect: W3C
Jun 08, 2022 6:27:58 PM org.openqa.selenium.devtools.CdpVersionFinder findNearestMatch
WARNING: Unable to find an exact match for CDP version 102, so returning the closest version found: 99
Jun 08, 2022 6:27:58 PM org.openqa.selenium.devtools.CdpVersionFinder findNearestMatch
INFO: Found CDP implementation for version 102 of 99
</system-err>
  </testcase>
</testsuite>